<?xml version="1.0" encoding="UTF-8"?>
<!-- Generated by org.testng.reporters.JUnitXMLReporter -->
<testsuite hostname="DESKTOP-CEESDAM" ignored="0" name="Test(failed)" tests="1" failures="0" timestamp="2022-10-22T17:38:15 EDT" time="0.036" errors="0">
  <testcase name="@BeforeClass setup" time="-1.666474695596E9" classname="test.BaseClass">
    <failure type="org.testng.TestNGException" message="
Parameter &amp;apos;browser&amp;apos; is required by BeforeClass on method setup but has not been marked @Optional or defined
in C:\BATCH22\mavenjava\test-output\Suite\testng-failed.xml">
      <![CDATA[org.testng.TestNGException: 
Parameter 'browser' is required by BeforeClass on method setup but has not been marked @Optional or defined
in C:\BATCH22\mavenjava\test-output\Suite\testng-failed.xml
at java.util.ArrayList.forEach(ArrayList.java:1257)
... Removed 22 stack frames]]>
    </failure>
  </testcase> <!-- @BeforeClass setup -->
  <testcase name="@AfterClass tearDown" time="-1.666474695616E9" classname="test.BaseClass">
    <skipped/>
  </testcase> <!-- @AfterClass tearDown -->
  <testcase name="loging" time="0.0" classname="test.TC_loging_001">
    <skipped/>
  </testcase> <!-- loging -->
</testsuite> <!-- Test(failed) -->
